<?xml version="1.0" encoding="UTF-8"?>
<testsuite xmlns:xsi="http://www.w3.org/2001/XMLSchema-instance" xsi:noNamespaceSchemaLocation="https://maven.apache.org/surefire/maven-surefire-plugin/xsd/surefire-test-report-3.0.xsd" version="3.0" name="com.example.ledger.BlockchainTest" time="2.427" tests="18" errors="0" skipped="0" failures="0">
  <properties>
[...]
</properties>
  <testcase name="testMiningWithoutTransactions" classname="com.example.ledger.BlockchainTest" time="0.257">
    <system-out><![CDATA[18:26:59.727 [main] INFO org.springframework.test.context.support.AnnotationConfigContextLoaderUtils -- Could not detect default configuration classes for test class [com.example.ledger.BlockchainTest]: BlockchainTest does not declare any static, non-private, non-final, nested classes annotated with @Configuration.
18:26:59.760 [main] INFO org.springframework.boot.test.context.SpringBootTestContextBootstrapper -- Found @SpringBootConfiguration com.example.ledger.LedgerApplication for test class com.example.ledger.BlockchainTest

  .   ____          _            __ _ _
 /\\ / ___'_ __ _ _(_)_ __  __ _ \ \ \ \
( ( )\___ | '_ | '_| | '_ \/ _` | \ \ \ \
 \\/  ___)| |_)| | | | | || (_| |  ) ) ) )
  '  |____| .__|_| |_|_| |_\__, | / / / /
 =========|_|==============|___/=/_/_/_/
&amp#27;[32m :: Spring Boot :: &amp#27;[39m              &amp#27;[2m (v3.2.5)&amp#27;[0;39m

&amp#27;[2m2025-08-19T18:26:59.879+05:30&amp#27;[0;39m &amp#27;[32m INFO&amp#27;[0;39m &amp#27;[35m24811&amp#27;[0;39m &amp#27;[2m---&amp#27;[0;39m &amp#27;[2m[           main]&amp#27;[0;39m &amp#27;[2m&amp#27;[0;39m&amp#27;[36mcom.example.ledger.BlockchainTest       &amp#27;[0;39m &amp#27;[2m:&amp#27;[0;39m Starting BlockchainTest using Java 24.0.2 with PID 24811 (started by kabirmathur in /Users/kabirmathur/Documents/payment_ledger)
&amp#27;[2m2025-08-19T18:26:59.879+05:30&amp#27;[0;39m &amp#27;[32m INFO&amp#27;[0;39m &amp#27;[35m24811&amp#27;[0;39m &amp#27;[2m---&amp#27;[0;39m &amp#27;[2m[           main]&amp#27;[0;39m &amp#27;[2m&amp#27;[0;39m&amp#27;[36mcom.example.ledger.BlockchainTest       &amp#27;[0;39m &amp#27;[2m:&amp#27;[0;39m No active profile set, falling back to 1 default profile: "default"
&amp#27;[2m2025-08-19T18:27:00.132+05:30&amp#27;[0;39m &amp#27;[32m INFO&amp#27;[0;39m &amp#27;[35m24811&amp#27;[0;39m &amp#27;[2m---&amp#27;[0;39m &amp#27;[2m[           main]&amp#27;[0;39m &amp#27;[2m&amp#27;[0;39m&amp#27;[36mo.s.b.a.w.s.WelcomePageHandlerMapping   &amp#27;[0;39m &amp#27;[2m:&amp#27;[0;39m Adding welcome page: class path resource [static/index.html]
&amp#27;[2m2025-08-19T18:27:00.209+05:30&amp#27;[0;39m &amp#27;[32m INFO&amp#27;[0;39m &amp#27;[35m24811&amp#27;[0;39m &amp#27;[2m---&amp#27;[0;39m &amp#27;[2m[           main]&amp#27;[0;39m &amp#27;[2m&amp#27;[0;39m&amp#27;[36mcom.example.ledger.BlockchainTest       &amp#27;[0;39m &amp#27;[2m:&amp#27;[0;39m Started BlockchainTest in 0.412 seconds (process running for 0.691)
]]></system-out>
    <system-err><![CDATA[WARNING: A Java agent has been loaded dynamically (/Users/kabirmathur/.m2/repository/net/bytebuddy/byte-buddy-agent/1.14.13/byte-buddy-agent-1.14.13.jar)
WARNING: If a serviceability tool is in use, please run with -XX:+EnableDynamicAgentLoading to hide this warning
WARNING: If a serviceability tool is not in use, please run with -Djdk.instrument.traceUsage for more information
WARNING: Dynamic loading of agents will be disallowed by default in a future release
]]></system-err>
  </testcase>
  <testcase name="testTransactionCreation" classname="com.example.ledger.BlockchainTest" time="0.002"/>
  <testcase name="testAddValidTransaction" classname="com.example.ledger.BlockchainTest" time="0.17">
    <system-out><![CDATA[Block mined: 0000b7824be41fb448fa7eccae0fa7b2c53594d21b44562cee6697e3cec2b72c (took 167ms, nonce: 17617)
]]></system-out>
  </testcase>
  <testcase name="testChainSummary" classname="com.example.ledger.BlockchainTest" time="0.001"/>
  <testcase name="testTransactionHistory" classname="com.example.ledger.BlockchainTest" time="0.549">
    <system-out><![CDATA[Block mined: 0000a78ca0a3bb7a38f38954b482489686e020412173358fb48e7e00e96490e4 (took 338ms, nonce: 101815)
Block mined: 0000726def7b13fc48b5fe5452b685c72a8a39ca3ee46245e458763c8f8c500b (took 210ms, nonce: 88379)
]]></system-out>
  </testcase>
  <testcase name="testBlockValidation" classname="com.example.ledger.BlockchainTest" time="0.003">
    <system-out><![CDATA[Block mined: 00ac375cdb420bf9fc448b3869b12021d273a021ffa91b3466214f22ffa26bde (took 2ms, nonce: 328)
]]></system-out>
  </testcase>
  <testcase name="testProofOfWork" classname="com.example.ledger.BlockchainTest" time="0.001">
    <system-out><![CDATA[Block mined: 001d727bcfe61a68e5c63cb44aa0341a95ec4648efff194a147cc7a40ac8030c (took 1ms, nonce: 57)
]]></system-out>
  </testcase>
  <testcase name="testBalanceTracking" classname="com.example.ledger.BlockchainTest" time="0.332">
    <system-out><![CDATA[Block mined: 0000848957a1179e851d44846adf45f65c43215f7f6e1bf31c292833adfabfa3 (took 191ms, nonce: 81093)
Block mined: 000070a86e04612766c25dc43e31f12cce94041b954b20276c31ffe566fbf1f5 (took 139ms, nonce: 72956)
]]></system-out>
  </testcase>
  <testcase name="testTotalTransactionCount" classname="com.example.ledger.BlockchainTest" time="0.075">
    <system-out><![CDATA[Block mined: 0000e171a171f03b4ff8af58edc7c210a18d66fa72fb63007707c7409167231b (took 74ms, nonce: 36010)
]]></system-out>
  </testcase>
  <testcase name="testInsufficientBalance" classname="com.example.ledger.BlockchainTest" time="0.002"/>
  <testcase name="testBlockMining" classname="com.example.ledger.BlockchainTest" time="0.364">
    <system-out><![CDATA[Block mined: 0000453c978ccc6bb4844c867ce14fc087500c1e58f6118db77b598b324f4d9c (took 364ms, nonce: 168579)
]]></system-out>
  </testcase>
  <testcase name="testGenesisBlockCreation" classname="com.example.ledger.BlockchainTest" time="0.0"/>
  <testcase name="testGetAllBalances" classname="com.example.ledger.BlockchainTest" time="0.088">
    <system-out><![CDATA[Block mined: 0000e044d0c0f92454fc079f790d91dc9312e39b2d6c5a6c685e001325c6592e (took 87ms, nonce: 41906)
]]></system-out>
  </testcase>
  <testcase name="testBlockchainValidation" classname="com.example.ledger.BlockchainTest" time="0.041">
    <system-out><![CDATA[Block mined: 000068014f524941f56d1f126393dd36e0205c8a5af91df4a961e1fd870a3dd3 (took 7ms, nonce: 2120)
Block mined: 00002da4c7a56d59784ab0500733e6272a40de3161ba9cbffdfd81c970ebe0d3 (took 32ms, nonce: 12331)
]]></system-out>
  </testcase>
  <testcase name="testAddInvalidTransaction" classname="com.example.ledger.BlockchainTest" time="0.001"/>
  <testcase name="testBlockTransactionValue" classname="com.example.ledger.BlockchainTest" time="0.002"/>
  <testcase name="testCoinbaseTransaction" classname="com.example.ledger.BlockchainTest" time="0.0"/>
  <testcase name="testHashCalculation" classname="com.example.ledger.BlockchainTest" time="0.0"/>
</testsuite>